0 info it worked if it ends with ok
1 verbose cli [ 'C:\\utv\\tools\\node\\\\node.exe',
1 verbose cli   'C:\\utv\\tools\\node\\node_modules\\npm\\bin\\npm-cli.js',
1 verbose cli   'start' ]
2 info using npm@1.4.9
3 info using node@v0.10.28
4 verbose node symlink C:\utv\tools\node\\node.exe
5 verbose run-script [ 'prestart', 'start', 'poststart' ]
6 info prestart spotocracy@0.0.0
7 info start spotocracy@0.0.0
8 verbose unsafe-perm in lifecycle true
9 info spotocracy@0.0.0 Failed to exec start script
10 error spotocracy@0.0.0 start: `node ./bin/www`
10 error Exit status 8
11 error Failed at the spotocracy@0.0.0 start script.
11 error This is most likely a problem with the spotocracy package,
11 error not with npm itself.
11 error Tell the author that this fails on your system:
11 error     node ./bin/www
11 error You can get their info via:
11 error     npm owner ls spotocracy
11 error There is likely additional logging output above.
12 error System Windows_NT 6.2.9200
13 error command "C:\\utv\\tools\\node\\\\node.exe" "C:\\utv\\tools\\node\\node_modules\\npm\\bin\\npm-cli.js" "start"
14 error cwd C:\utv\source\webstorm\spotocracy\node\spotocracy
15 error node -v v0.10.28
16 error npm -v 1.4.9
17 error code ELIFECYCLE
18 verbose exit [ 1, true ]
